<?xml version="1.0" encoding="UTF-8"?>
<testsuite name="ReporteDesempenioTest" tests="5" skipped="0" failures="0" errors="0" timestamp="2025-04-08T03:11:14" hostname="DESKTOP-IV1QJTE" time="0.012">
  <properties/>
  <testcase name="testCalcularPromedioDesempenioSinReportes()" classname="ReporteDesempenioTest" time="0.001"/>
  <testcase name="testCalcularPromedioDesempenio()" classname="ReporteDesempenioTest" time="0.001"/>
  <testcase name="testCalcularPromedioDesempenioListaVacia()" classname="ReporteDesempenioTest" time="0.001"/>
  <testcase name="testModificarDesempenio()" classname="ReporteDesempenioTest" time="0.001"/>
  <testcase name="testDatosBasicosReporte()" classname="ReporteDesempenioTest" time="0.002"/>
  <system-out><![CDATA[paso por acÃ¡
]]></system-out>
  <system-err><![CDATA[]]></system-err>
</testsuite>
