<?xml version="1.0" encoding="UTF-8"?>
<testsuite name="EmpleadoTest" tests="4" skipped="0" failures="0" errors="0" timestamp="2025-04-08T03:11:14" hostname="DESKTOP-IV1QJTE" time="0.009">
  <properties/>
  <testcase name="testDatosBasicosEmpleadoPermanente()" classname="EmpleadoTest" time="0.001"/>
  <testcase name="testCambioTipoEmpleado()" classname="EmpleadoTest" time="0.003"/>
  <testcase name="testSetReporteDesempenio()" classname="EmpleadoTest" time="0.001"/>
  <testcase name="testDatosBasicosEmpleadoTemporal()" classname="EmpleadoTest" time="0.001"/>
  <system-out><![CDATA[]]></system-out>
  <system-err><![CDATA[]]></system-err>
</testsuite>
