<?xml version="1.0" encoding="UTF-8"?>
<testsuite name="EmpleadoTemporalTest" tests="4" skipped="0" failures="0" errors="0" timestamp="2025-04-08T03:11:14" hostname="DESKTOP-IV1QJTE" time="0.011">
  <properties/>
  <testcase name="testCambiarDepartamentoInvalido()" classname="EmpleadoTemporalTest" time="0.003"/>
  <testcase name="testModificarFechaFin()" classname="EmpleadoTemporalTest" time="0.002"/>
  <testcase name="testFechaFinCorrecta()" classname="EmpleadoTemporalTest" time="0.001"/>
  <testcase name="testCambiarDepartamentoValido()" classname="EmpleadoTemporalTest" time="0.001"/>
  <system-out><![CDATA[El nuevo departamento no puede ser nulo o vacÃ­o
El nuevo departamento no puede ser nulo o vacÃ­o
]]></system-out>
  <system-err><![CDATA[]]></system-err>
</testsuite>
